13e34174d0f>:0 
  at #lmd.#Umd.CopyVersion (Opero.Common.Functionality.Repository.General.RequestCopyVersion #akb) [0x0000d] in <07575a01db5d4483b365b13e34174d0f>:0 
  at (wrapper managed-to-native) System.Reflection.MonoMethod:InternalInvoke (System.Reflection.MonoMethod,object,object[],System.Exception&)
  at System.Reflection.MonoMethod.Invoke (System.Object obj, System.Reflection.BindingFlags invokeAttr, System.Reflection.Binder binder, System.Object[] parameters, System.Globalization.CultureInfo culture) [0x00038] in <1170fb08300b4d0db71c1d1db8555768>:0 
   --- End of inner exception stack trace ---
  at System.Reflection.MonoMethod.Invoke (System.Object obj, System.Reflection.BindingFlags invokeAttr, System.Reflection.Binder binder, System.Object[] parameters, System.Globalization.CultureInfo culture) [0x00053] in <1170fb08300b4d0db71c1d1db8555768>:0 
  at System.Reflection.MethodBase.Invoke (System.Object obj, System.Object[] parameters) [0x00000] in <1170fb08300b4d0db71c1d1db8555768>:0 
  at #Qnd.#pod.#lod (System.Reflection.MethodInfo #iI, System.Object #mRc) [0x00043] in <07575a01db5d4483b365b13e34174d0f>:0 
  at #Qnd.#pod.#mod (System.Reflection.MethodInfo #iI, System.Object #mRc) [0x0001b] in <07575a01db5d4483b365b13e34174d0f>:0 
  at #Qnd.#pod.Execute (System.Reflection.MethodInfo #iI) [0x00000] in <07575a01db5d4483b365b13e34174d0f>:0 
  at #Qnd.#dod.#cod () [0x00029] in <07575a01db5d4483b365b13e34174d0f>:0    at System.Reflection.MonoMethod.Invoke (System.Object obj, System.Reflection.BindingFlags invokeAttr, System.Reflection.Binder binder, System.Object[] parameters, System.Globalization.CultureInfo culture) [0x00053] in <1170fb08300b4d0db71c1d1db8555768>:0 
  at System.Reflection.MethodBase.Invoke (System.Object obj, System.Object[] parameters) [0x00000] in <1170fb08300b4d0db71c1d1db8555768>:0 
  at #Qnd.#pod.#lod (System.Reflection.MethodInfo #iI, System.Object #mRc) [0x00043] in <07575a01db5d4483b365b13e34174d0f>:0 
  at #Qnd.#pod.#mod (System.Reflection.MethodInfo #iI, System.Object #mRc) [0x0001b] in <07575a01db5d4483b365b13e34174d0f>:0 
  at #Qnd.#pod.Execute (System.Reflection.MethodInfo #iI) [0x00000] in <07575a01db5d4483b365b13e34174d0f>:0 
  at #Qnd.#dod.#cod () [0x00029] in <07575a01db5d4483b365b13e34174d0f>:0 
Error [2021-05-24 10:24:19.455](NLog.LoggerImpl.Write): Exception has been thrown by the target of an invocation.System.Reflection.TargetInvocationException: Exception has been thrown by the target of an invocation. ---> System.Exception: Database query canceled.
  at #lmd.#Umd.#Xq (Opero.Common.Functionality.Request #akb, #lmd.#Umd+#oMd #xe, System.Boolean #Tmd) [0x001a9] in <07575a01db5d4483b365b13e34174d0f>:0 
  at #lmd.#Umd.#Xq (Opero.Common.Functionality.Request #akb, #lmd.#Umd+#oMd #xe) [0x00000] in <07575a01db5d4483b365b13e34174d0f>:0 
  at #lmd.#Umd.CopyVersion (Opero.Common.Functionality.Repository.General.RequestCopyVersion #akb) [0x0000d] in <07575a01db5d4483b365b13e34174d0f>:0 
  at (wrapper managed-to-native) System.Reflection.MonoMethod:InternalInvoke (System.Reflection.MonoMethod,object,object[],System.Exception&)
  at System.Reflection.MonoMethod.Invoke (System.Object obj, System.Reflection.BindingFlags invokeAttr, System.Reflection.Binder binder, System.Object[] parameters, System.Globalization.CultureInfo culture) [0x00038] in <1170fb08300b4d0db71c1d1db8555768>:0 
   --- End of inner exception stack trace ---
  at System.Reflection.MonoMethod.Invoke (System.Object obj, System.Reflection.BindingFlags invokeAttr, System.Reflection.Binder binder, System.Object[] parameters, System.Globalization.CultureInfo culture) [0x00053] in <1170fb08300b4d0db71c1d1db8555768>:0 
  at System.Reflection.MethodBase.Invoke (System.Object obj, System.Object[] parameters) [0x00000] in <1170fb08300b4d0db71c1d1db8555768>:0 
  at #Qnd.#pod.#lod (System.Reflection.MethodInfo #iI, System.Object #mRc) [0x00043] in <07575a01db5d4483b365b13e34174d0f>:0 
  at #Qnd.#pod.#mod (System.Reflection.MethodInfo #iI, System.Object #mRc) [0x0001b] in <07575a01db5d4483b365b13e34174d0f>:0 
  at #Qnd.#pod.Execute (System.Reflection.MethodInfo #iI) [0x00000] in <07575a01db5d4483b365b13e34174d0f>:0 
  at #Qnd.#dod.#cod () [0x00029] in <07575a01db5d4483b365b13e34174d0f>:0    at System.Reflection.MonoMethod.Invoke (System.Object obj, System.Reflection.BindingFlags invokeAttr, System.Reflection.Binder binder, System.Object[] parameters, System.Globalization.CultureInfo culture) [0x00053] in <1170fb08300b4d0db71c1d1db8555768>:0 
  at System.Reflection.MethodBase.Invoke (System.Object obj, System.Object[] parameters) [0x00000] in <1170fb08300b4d0db71c1d1db8555768>:0 
  at #Qnd.#pod.#lod (System.Reflection.MethodInfo #iI, System.Object #mRc) [0x00043] in <07575a01db5d4483b365b13e34174d0f>:0 
  at #Qnd.#pod.#mod (System.Reflection.MethodInfo #iI, System.Object #mRc) [0x0001b] in <07575a01db5d4483b365b13e34174d0f>:0 
  at #Qnd.#pod.Execute (System.Reflection.MethodInfo #iI) [0x00000] in <07575a01db5d4483b365b13e34174d0f>:0 
  at #Qnd.#dod.#cod () [0x00029] in <07575a01db5d4483b365b13e34174d0f>:0 
Error [2021-05-24 10:24:19.648](NLog.LoggerImpl.Write): HttpServiceHost error: InternalServerError (URL: http://localhost:55559/JsonRepositoryService.svc/general/copyVersion, client IP: 10.0.0.129).System.Reflection.TargetInvocationException: Exception has been thrown by the target of an invocation. ---> System.Exception: Database query canceled.
  at #lmd.#Umd.#Xq (Opero.Common.Functionality.Request #akb, #lmd.#Umd+#oMd #xe, System.Boolean #Tmd) [0x001a9] in <07575a01db5d4483b365b13e34174d0f>:0 
  at #lmd.#Umd.#Xq (Opero.Common.Functionality.Request #akb, #lmd.#Umd+#oMd #xe) [0x00000] in <07575a01db5d4483b365b13e34174d0f>:0 
  at #lmd.#Umd.CopyVersion (Opero.Common.Functionality.Repository.General.RequestCopyVersion #akb) [0x0000d] in <07575a01db5d4483b365b13e34174d0f>:0 
  at (wrapper managed-to-native) System.Reflection.MonoMethod:InternalInvoke (System.Reflection.MonoMethod,object,object[],System.Exception&)
  at System.Reflection.MonoMethod.Invoke (System.Object obj, System.Reflection.BindingFlags invokeAttr, System.Reflection.Binder binder, System.Object[] parameters, System.Globalization.CultureInfo culture) [0x00038] in <1170fb08300b4d0db71c1d1db8555768>:0 
   --- End of inner exception stack trace ---
  at System.Reflection.MonoMethod.Invoke (System.Object obj, System.Reflection.BindingFlags invokeAttr, System.Reflection.Binder binder, System.Object[] parameters, System.Globalization.CultureInfo culture) [0x00053] in <1170fb08300b4d0db71c1d1db8555768>:0 
  at System.Reflection.MethodBase.Invoke (System.Object obj, System.Object[] parameters) [0x00000] in <1170fb08300b4d0db71c1d1db8555768>:0 
  at #Qnd.#pod.#lod (System.Reflection.MethodInfo #iI, System.Object #mRc) [0x00043] in <07575a01db5d4483b365b13e34174d0f>:0 
  at #Qnd.#pod.#mod (System.Reflection.MethodInfo #iI, System.Object #mRc) [0x0001b] in <07575a01db5d4483b365b13e34174d0f>:0 
  at #Qnd.#pod.Execute (System.Reflection.MethodInfo #iI) [0x00000] in <07575a01db5d4483b365b13e34174d0f>:0 
  at #Qnd.#dod.#cod () [0x00029] in <07575a01db5d4483b365b13e34174d0f>:0    at System.Reflection.MonoMethod.Invoke (System.Object obj, System.Reflection.BindingFlags invokeAttr, System.Reflection.Binder binder, System.Object[] parameters, System.Globalization.CultureInfo culture) [0x00053] in <1170fb08300b4d0db71c1d1db8555768>:0 
  at System.Reflection.MethodBase.Invoke (System.Object obj, System.Object[] parameters) [0x00000] in <1170fb08300b4d0db71c1d1db8555768>:0 
  at #Qnd.#pod.#lod (System.Reflection.MethodInfo #iI, System.Object #mRc) [0x00043] in <07575a01db5d4483b365b13e34174d0f>:0 
  at #Qnd.#pod.#mod (System.Reflection.MethodInfo #iI, System.Object #mRc) [0x0001b] in <07575a01db5d4483b365b13e34174d0f>:0 
  at #Qnd.#pod.Execute (System.Reflection.MethodInfo #iI) [0x00000] in <07575a01db5d4483b365b13e34174d0f>:0 
  at #Qnd.#dod.#cod () [0x00029] in <07575a01db5d4483b365b13e34174d0f>:0 
Error [2021-05-24 10:24:19.897](NLog.LoggerImpl.Write): HttpServiceHost error: InternalServerError (URL: http://localhost:55559/JsonRepositoryService.svc/general/copyVersion, client IP: 10.0.0.129).System.Reflection.TargetInvocationException: Exception has been thrown by the target of an invocation. ---> System.Exception: Database query canceled.
  at #lmd.#Umd.#Xq (Opero.Common.Functionality.Request #akb, #lmd.#Umd+#oMd #xe, System.Boolean #Tmd) [0x001a9] in <07575a01db5d4483b365b13e34174d0f>:0 
  at #lmd.#Umd.#Xq (Opero.Common.Functionality.Request #akb, #lmd.#Umd+#oMd #xe) [0x00000] in <07575a01db5d4483b365b13e34174d0f>:0 
  at #lmd.#Umd.CopyVersion (Opero.Common.Functionality.Repository.General.RequestCopyVersion #akb) [0x0000d] in <07575a01db5d4483b365b13e34174d0f>:0 
  at (wrapper managed-to-native) System.Reflection.MonoMethod:InternalInvoke (System.Reflection.MonoMethod,object,object[],System.Exception&)
  at System.Reflection.MonoMethod.Invoke (System.Object obj, System.Reflection.BindingFlags invokeAttr, System.Reflection.Binder binder, System.Object[] parameters, System.Globalization.CultureInfo culture) [0x00038] in <1170fb08300b4d0db71c1d1db8555768>:0 
   --- End of inner exception stack trace ---
  at System.Reflection.MonoMethod.Invoke (System.Object obj, System.Reflection.BindingFlags invokeAttr, System.Reflection.Binder binder, System.Object[] parameters, System.Globalization.CultureInfo culture) [0x00053] in <1170fb08300b4d0db71c1d1db8555768>:0 
  at System.Reflection.MethodBase.Invoke (System.Object obj, System.Object[] parameters) [0x00000] in <1170fb08300b4d0db71c1d1db8555768>:0 
  at #Qnd.#pod.#lod (System.Reflection.MethodInfo #iI, System.Object #mRc) [0x00043] in <07575a01db5d4483b365b13e34174d0f>:0 
  at #Qnd.#pod.#mod (System.Reflection.MethodInfo #iI, System.Object #mRc) [0x0001b] in <07575a01db5d4483b365b13e34174d0f>:0 
  at #Qnd.#pod.Execute (System.Reflection.MethodInfo #iI) [0x00000] in <07575a01db5d4483b365b13e34174d0f>:0 
  at #Qnd.#dod.#cod () [0x00029] in <07575a01db5d4483b365b13e34174d0f>:0    at System.Reflection.MonoMethod.Invoke (System.Object obj, System.Reflection.BindingFlags invokeAttr, System.Reflection.Binder binder, System.Object[] parameters, System.Globalization.CultureInfo culture) [0x00053] in <1170fb08300b4d0db71c1d1db8555768>:0 
  at System.Reflection.MethodBase.Invoke (System.Object obj, System.Object[] parameters) [0x00000] in <1170fb08300b4d0db71c1d1db8555768>:0 
  at #Qnd.#pod.#lod (System.Reflection.MethodInfo #iI, System.Object #mRc) [0x00043] in <07575a01db5d4483b365b13e34174d0f>:0 
  at #Qnd.#pod.#mod (System.Reflection.MethodInfo #iI, System.Object #mRc) [0x0001b] in <07575a01db5d4483b365b13e34174d0f>:0 
  at #Qnd.#pod.Execute (System.Reflection.MethodInfo #iI) [0x00000] in <07575a01db5d4483b365b13e34174d0f>:0 
  at #Qnd.#dod.#cod () [0x00029] in <07575a01db5d4483b365b13e34174d0f>:0 
Fatal [2021-05-24 10:24:20.018](NLog.LoggerImpl.Write): Stored procedure execution error 'HTTP_CopyVersion': 'canceling statement due to statement timeout':
  at Devart.Data.PostgreSql.PgSqlDataReader.f (System.Int32 A_0) [0x00098] in <748a6497d3bd4c489d8ee2fdef75074c>:0 
  at (wrapper remoting-invoke-with-check) Devart.Data.PostgreSql.PgSqlDataReader:f (int)
  at Devart.Data.PostgreSql.PgSqlCommand.InternalExecute (System.Data.CommandBehavior behavior, System.IDisposable stmt, System.Int32 startRecord, System.Int32 maxRecords) [0x00119] in <748a6497d3bd4c489d8ee2fdef75074c>:0 .
Warn [2021-05-24 10:24:20.019](NLog.LoggerImpl.Write): FunctionCopyVersion execution time 00:03:00.1160670 (session: c61ff518-8d80-4e4e-8d59-90b24ead8db3 client IP: 10.0.0.129).
Error [2021-05-24 10:24:20.022](NLog.LoggerImpl.Write): FunctionCopyVersion execution exception (client IP: 10.0.0.129): 
Request received:
------------------------------------------------------------------------------>
RequestUID  : 81bdd73d-f225-4dad-8283-eb606c6c5957
RelativeUri : general/copyVersion
TypeName    : RequestCopyVersion

JSON
{
  "RequestUID": "81bdd73d-f225-4dad-8283-eb606c6c5957",
  "SessionUID": "c61ff518-8d80-4e4e-8d59-90b24ead8db3",
  "IsLongLasting": false,
  "Path": "C:\\Windows\\WinSxS\\x86_wwf-system.workflow.activities_31bf3856ad364e35_10.0.19200.101_none_01ff5e3387c37f14\\System.Workflow.Activities.dll",
  "CreationDateUTC": "2021-04-12T05:09:16.166Z",
  "ModificationDateUTC": "2019-12-06T15:50:04Z",
  "Attributes": 32,
  "Metadata": null,
  "SourceVersionUID": "c166665f-d36b-49a5-9517-b1d964860d1f",
  "TaskUID": "71192610-20c4-49a1-a1bd-b67c8f709fca"
}<------------------------------------------------------------------------------
Devart.Data.PostgreSql.PgSqlException (0x80004005): canceling statement due to statement timeout
  at #jzd.#1Rc.Execute (System.String #hbc, System.Data.DataTable& #lic, System.Object[] #Uh) [0x0003f] in <07575a01db5d4483b365b13e34174d0f>:0 
  at #BAd.#NBd.Execute (System.String #Rd, System.DateTime #qub, System.DateTime #rub, System.Int32 #4qb, System.String #hk, System.Guid #Ne, System.Guid #Opb, System.Guid #oX) [0x00000] in <07575a01db5d4483b365b13e34174d0f>:0 
  at #ond.#5qb.Execute (#Qnd.#god #gmd, #Qnd.#3nd #YW, Opero.Common.Functionality.Repository.General.RequestCopyVersion #akb) [0x00057] in <07575a01db5d4483b365b13e34174d0f>:0 
  at #lmd.#Umd+#G1.#X0 () [0x0000a] in <07575a01db5d4483b365b13e34174d0f>:0 
  at #lmd.#Umd.#Xq (Opero.Common.Functionality.Request #akb, #lmd.#Umd+#oMd #xe, System.Boolean #Tmd) [0x0000f] in <07575a01db5d4483b365b13e34174d0f>:0    at #jzd.#1Rc.Execute (System.String #hbc, System.Data.DataTable& #lic, System.Object[] #Uh) [0x0003f] in <07575a01db5d4483b365b13e34174d0f>:0 
  at #BAd.#NBd.Execute (System.String #Rd, System.DateTime #qub, System.DateTime #rub, System.Int32 #4qb, System.String #hk, System.Guid #Ne, System.Guid #Opb, System.Guid #oX) [0x00000] in <07575a01db5d4483b365b13e34174d0f>:0 
  at #ond.#5qb.Execute (#Qnd.#god #gmd, #Qnd.#3nd #YW, Opero.Common.Functionality.Repository.General.RequestCopyVersion #akb) [0x00057] in <07575a01db5d4483b365b13e34174d0f>:0 
  at #lmd.#Umd+#G1.#X0 () [0x0000a] in <07575a01db5d4483b365b13e34174d0f>:0 
  at #lmd.#Umd.#Xq (Opero.Common.Functionality.Request #akb, #lmd.#Umd+#oMd #xe, System.Boolean #Tmd) [0x0000f] in <07575a01db5d4483b365b13e34174d0f>:0 
Error [2021-05-24 10:24:20.026](NLog.LoggerImpl.Write): Exception has been thrown by the target of an invocation.System.Reflection.TargetInvocationException: Exception has been thrown by the target of an invocation. ---> System.Exception: Database query canceled.
  at #lmd.#Umd.#Xq (Opero.Common.Functionality.Request #akb, #lmd.#Umd+#oMd #xe, System.Boolean #Tmd) [0x001a9] in <07575a01db5d4483b365b13e34174d0f>:0 
  at #lmd.#Umd.#Xq (Opero.Common.Functionality.Request #akb, #lmd.#Umd+#oMd #xe) [0x00000] in <07575a01db5d4483b365b13e34174d0f>:0 
  at #lmd.#Umd.CopyVersion (Opero.Common.Functionality.Repository.General.RequestCopyVersion #akb) [0x0000d] in <07575a01db5d4483b365b13e34174d0f>:0 
  at (wrapper managed-to-native) System.Reflection.MonoMethod:InternalInvoke (System.Reflection.MonoMethod,object,object[],System.Exception&)
  at System.Reflection.MonoMethod.Invoke (System.Object obj, System.Reflection.BindingFlags invokeAttr, System.Reflection.Binder binder, System.Object[] parameters, System.Globalization.CultureInfo culture) [0x00038] in <1170fb08300b4d0db71c1d1db8555768>:0 
   --- End of inner exception stack trace ---
  at System.Reflection.MonoMethod.Invoke (System.Object obj, System.Reflection.BindingFlags invokeAttr, System.Reflection.Binder binder, System.Object[] parameters, System.Globalization.CultureInfo culture) [0x00053] in <1170fb08300b4d0db71c1d1db8555768>:0 
  at System.Reflection.MethodBase.Invoke (System.Object obj, System.Object[] parameters) [0x00000] in <1170fb08300b4d0db71c1d1db8555768>:0 
  at #Qnd.#pod.#lod (System.Reflection.MethodInfo #iI, System.Object #mRc) [0x00043] in <07575a01db5d4483b365b13e34174d0f>:0 
  at #Qnd.#pod.#mod (System.Reflection.MethodInfo #iI, System.Object #mRc) [0x0001b] in <07575a01db5d4483b365b13e34174d0f>:0 
  at #Qnd.#pod.Execute (System.Reflection.MethodInfo #iI) [0x00000] in <07575a01db5d4483b365b13e34174d0f>:0 
  at #Qnd.#dod.#cod () [0x00029] in <07575a01db5d4483b365b13e34174d0f>:0    at System.Reflection.MonoMethod.Invoke (System.Object obj, System.Reflection.BindingFlags invokeAttr, System.Reflection.Binder binder, System.Object[] parameters, System.Globalization.CultureInfo culture) [0x00053] in <1170fb08300b4d0db71c1d1db8555768>:0 
  at System.Reflection.MethodBase.Invoke (System.Object obj, System.Object[] parameters) [0x00000] in <1170fb08300b4d0db71c1d1db8555768>:0 
  at #Qnd.#pod.#lod (System.Reflection.MethodInfo #iI, System.Object #mRc) [0x00043] in <07575a01db5d4483b365b13e34174d0f>:0 
  at #Qnd.#pod.#mod (System.Reflection.MethodInfo #iI, System.Object #mRc) [0x0001b] in <07575a01db5d4483b365b13e34174d0f>:0 
  at #Qnd.#pod.Execute (System.Reflection.MethodInfo #iI) [0x00000] in <07575a01db5d4483b365b13e34174d0f>:0 
  at #Qnd.#dod.#cod () [0x00029] in <07575a01db5d4483b365b13e34174d0f>:0 
Error [2021-05-24 10:24:20.038](NLog.LoggerImpl.Write): HttpServiceHost error: InternalServerError (URL: http://localhost:55559/JsonRepositoryService.svc/general/copyVersion, client IP: 10.0.0.129).System.Reflection.TargetInvocationException: Exception has been thrown by the target of an invocation. ---> System.Exception: Database query canceled.
  at #lmd.#Umd.#Xq (Opero.Common.Functionality.Request #akb, #lmd.#Umd+#oMd #xe, System.Boolean #Tmd) [0x001a9] in <07575a01db5d4483b365b13e34174d0f>:0 
  at #lmd.#Umd.#Xq (Opero.Common.Functionality.Request #akb, #lmd.#Umd+#oMd #xe) [0x00000] in <07575a01db5d4483b365b13e34174d0f>:0 
  at #lmd.#Umd.CopyVersion (Opero.Common.Functionality.Repository.General.RequestCopyVersion #akb) [0x0000d] in <07575a01db5d4483b365b13e34174d0f>:0 
  at (wrapper managed-to-native) System.Reflection.MonoMethod:InternalInvoke (System.Reflection.MonoMethod,object,object[],System.Exception&)
  at System.Reflection.MonoMethod.Invoke (System.Object obj, System.Reflection.BindingFlags invokeAttr, System.Reflection.Binder binder, System.Object[] parameters, System.Globalization.CultureInfo culture) [0x00038] in <1170fb08300b4d0db71c1d1db8555768>:0 
   --- End of inner exception stack trace ---
  at System.Reflection.MonoMethod.Invoke (System.Object obj, System.Reflection.BindingFlags invokeAttr, System.Reflection.Binder binder, System.Object[] parameters, System.Globalization.CultureInfo culture) [0x00053] in <1170fb08300b4d0db71c1d1db8555768>:0 
  at System.Reflection.MethodBase.Invoke (System.Object obj, System.Object[] parameters) [0x00000] in <1170fb08300b4d0db71c1d1db8555768>:0 
  at #Qnd.#pod.#lod (System.Reflection.MethodInfo #iI, System.Object #mRc) [0x00043] in <07575a01db5d4483b365b13e34174d0f>:0 
  at #Qnd.#pod.#mod (System.Reflection.MethodInfo #iI, System.Object #mRc) [0x0001b] in <07575a01db5d4483b365b13e34174d0f>:0 
  at #Qnd.#pod.Execute (System.Reflection.MethodInfo #iI) [0x00000] in <07575a01db5d4483b365b13e34174d0f>:0 
  at #Qnd.#dod.#cod () [0x00029] in <07575a01db5d4483b365b13e34174d0f>:0    at System.Reflection.MonoMethod.Invoke (System.Object obj, System.Reflection.BindingFlags invokeAttr, System.Reflection.Binder binder, System.Object[] parameters, System.Globalization.CultureInfo culture) [0x00053] in <1170fb08300b4d0db71c1d1db8555768>:0 
  at System.Reflection.MethodBase.Invoke (System.Object obj, System.Object[] parameters) [0x00000] in <1170fb08300b4d0db71c1d1db8555768>:0 
  at #Qnd.#pod.#lod (System.Reflection.MethodInfo #iI, System.Object #mRc) [0x00043] in <07575a01db5d4483b365b13e34174d0f>:0 
  at #Qnd.#pod.#mod (System.Reflection.MethodInfo #iI, System.Object #mRc) [0x0001b] in <07575a01db5d4483b365b13e34174d0f>:0 
  at #Qnd.#pod.Execute (System.Reflection.MethodInfo #iI) [0x00000] in <07575a01db5d4483b365b13e34174d0f>:0 
  at #Qnd.#dod.#cod () [0x00029] in <07575a01db5d4483b365b13e34174d0f>:0 

